2022-07-01 11:32:00:320 [31merror[39m:
[31mUnable to connect to MySQL.[39m
2022-07-01 11:33:18:3318 [31merror[39m:
[31mUnable to connect to MySQL.[39m
2022-07-01 13:30:22:3022 [31merror[39m:
[31mUnable to connect to MySQL.[39m
2022-07-01 15:53:53:5353 [31merror[39m:
[31mUnable to connect to MySQL.[39m
2022-07-03 13:36:03:363 [31merror[39m:
[31mUnable to connect to MySQL.[39m
2022-07-03 13:36:25:3625 [31merror[39m:
[31mUnable to connect to MySQL.[39m
2022-07-04 18:10:00:100 [31merror[39m:
[31mUnknown column 'id' in 'where clause'[39m
2022-07-04 18:13:38:1338 [31merror[39m:
[31mUnknown column 'id' in 'where clause'[39m
2022-07-04 18:24:50:2450 [31merror[39m:
[31mUnknown column 'id' in 'where clause'[39m
2022-07-04 18:24:58:2458 [31merror[39m:
[31mUnknown column 'id' in 'where clause'[39m
2022-07-05 11:24:59:2459 [31merror[39m:
[31mCannot convert undefined or null to object[39m
2022-07-05 11:25:57:2557 [31merror[39m:
[31mCannot convert undefined or null to object[39m
2022-07-05 17:53:15:5315 [31merror[39m:
[31mUnable to connect to MySQL.[39m
2022-07-05 18:12:39:1239 [31merror[39m:
[31mNo amount[39m
2022-07-05 18:14:15:1415 [31merror[39m:
[31mNo amount[39m
2022-07-05 18:18:38:1838 [31merror[39m:
[31mIncorrect integer value: '' for column `nse41_supermarket`.`user_products`.`amount` at row 1[39m
2022-07-05 18:33:31:3331 [31merror[39m:
[31mIncorrect integer value: '' for column `nse41_supermarket`.`user_products`.`amount` at row 1[39m
2022-07-06 18:08:49:849 [31merror[39m:
[31mUnable to connect to MySQL.[39m
2022-07-09 11:40:39:4039 [31merror[39m:
[31mconnect ETIMEDOUT[39m
2022-07-09 11:40:39:4039 [31merror[39m:
[31mconnect ETIMEDOUT[39m
2022-07-09 11:40:39:4039 [31merror[39m:
[31mconnect ETIMEDOUT[39m
2022-07-09 17:58:53:5853 [31merror[39m:
[31mIncorrect integer value: 'E' for column `nse41_supermarket`.`user_products`.`amount` at row 1[39m
2022-07-09 18:08:39:839 [31merror[39m:
[31mIncorrect integer value: '' for column `nse41_supermarket`.`user_products`.`amount` at row 1[39m
2022-07-09 18:09:25:925 [31merror[39m:
[31mIncorrect integer value: '' for column `nse41_supermarket`.`user_products`.`amount` at row 1[39m
2022-07-09 18:10:59:1059 [31merror[39m:
[31mIncorrect integer value: '' for column `nse41_supermarket`.`user_products`.`amount` at row 1[39m
2022-07-09 18:12:23:1223 [31merror[39m:
[31mIncorrect integer value: '' for column `nse41_supermarket`.`user_products`.`amount` at row 1[39m
2022-07-09 18:13:35:1335 [31merror[39m:
[31mIncorrect integer value: '' for column `nse41_supermarket`.`user_products`.`amount` at row 1[39m
2022-07-09 18:14:40:1440 [31merror[39m:
[31mIncorrect integer value: '' for column `nse41_supermarket`.`user_products`.`amount` at row 1[39m
2022-07-09 18:15:06:156 [31merror[39m:
[31mIncorrect integer value: '' for column `nse41_supermarket`.`user_products`.`amount` at row 1[39m
2022-07-09 18:15:33:1533 [31merror[39m:
[31mIncorrect integer value: '' for column `nse41_supermarket`.`user_products`.`amount` at row 1[39m
2022-07-09 18:37:04:374 [31merror[39m:
[31mIncorrect integer value: '' for column `nse41_supermarket`.`user_products`.`product_id` at row 1[39m
2022-07-10 18:09:52:952 [31merror[39m:
[31mUnable to connect to MySQL.[39m
